<?xml version="1.0" encoding="UTF-8"?>
<testsuite xmlns:xsi="http://www.w3.org/2001/XMLSchema-instance" xsi:noNamespaceSchemaLocation="https://maven.apache.org/surefire/maven-surefire-plugin/xsd/surefire-test-report-3.0.xsd" version="3.0" name="runner.RunnerTestNG" time="19.541" tests="1" errors="0" skipped="0" failures="0">
  <properties>
[...]
</properties>
  <testcase name="runScenario[&quot;Order history should be updated with relavant details of my current purchase&quot;, &quot;Purchase and manage account online&quot;](1)" classname="runner.RunnerTestNG" time="18.513">
    <system-out><![CDATA[
@scenario1 @Automation
Scenario: Order history should be updated with relavant details of my current purchase # src/test/java/features/RegressionTest.feature:10
  Given I Launch the order portal website                                              # stepdefintions.loginSteps.i_launch_the_order_portal_website()

    Embedding take screenshot [image/png 1333318 bytes]

  Given I login to the application with valid credentials                              # stepdefintions.loginSteps.i_login_to_the_application_with_valid_credentials()

    Embedding take screenshot [image/png 1137558 bytes]

  Then user logged in successfully                                                     # stepdefintions.loginSteps.successful_login()

    Embedding take screenshot [image/png 1318069 bytes]

]]></system-out>
    <system-err><![CDATA[SLF4J(W): No SLF4J providers were found.
SLF4J(W): Defaulting to no-operation (NOP) logger implementation
SLF4J(W): See https://www.slf4j.org/codes.html#noProviders for further details.
Mar 06, 2024 11:06:23 PM org.openqa.selenium.devtools.CdpVersionFinder findNearestMatch
WARNING: Unable to find an exact match for CDP version 122, returning the closest version; found: 119; Please update to a Selenium version that supports CDP version 122
]]></system-err>
  </testcase>
</testsuite>