<?xml version="1.0" encoding="UTF-8"?>
<testng-results ignored="0" total="1" passed="1" failed="0" skipped="0">
  <reporter-output>
  </reporter-output>
  <suite started-at="2024-03-06T23:06:17 GMT" name="Surefire suite" finished-at="2024-03-06T23:06:36 GMT" duration-ms="19139">
    <groups>
      <group name="cucumber">
        <method signature="AbstractTestNGCucumberTests.runScenario(io.cucumber.testng.PickleWrapper,io.cucumber.testng.FeatureWrapper)[pri:0, instance:runner.RunnerTestNG@f5acb9d]" name="runScenario" class="io.cucumber.testng.AbstractTestNGCucumberTests"/>
      </group> <!-- cucumber -->
    </groups>
    <test started-at="2024-03-06T23:06:17 GMT" name="Surefire test" finished-at="2024-03-06T23:06:36 GMT" duration-ms="19139">
      <class name="runner.RunnerTestNG">
        <test-method is-config="true" signature="setUpClass(org.testng.ITestContext)[pri:0, instance:runner.RunnerTestNG@f5acb9d]" started-at="2024-03-06T23:06:17 GMT" name="setUpClass" finished-at="2024-03-06T23:06:18 GMT" duration-ms="381" status="PASS">
          <params>
            <param index="0">
              <value>
                <![CDATA[org.testng.TestRunner@8b91134]]>
              </value>
            </param>
          </params>
          <reporter-output>
          </reporter-output>
        </test-method> <!-- setUpClass -->
        <test-method signature="runScenario(io.cucumber.testng.PickleWrapper,io.cucumber.testng.FeatureWrapper)[pri:0, instance:runner.RunnerTestNG@f5acb9d]" started-at="2024-03-06T23:06:18 GMT" name="runScenario" description="Runs Cucumber Scenarios" data-provider="scenarios" finished-at="2024-03-06T23:06:36 GMT" duration-ms="18508" status="PASS">
          <params>
            <param index="0">
              <value>
                <![CDATA["Order history should be updated with relavant details of my current purchase"]]>
              </value>
            </param>
            <param index="1">
              <value>
                <![CDATA["Purchase and manage account online"]]>
              </value>
            </param>
          </params>
          <reporter-output>
          </reporter-output>
        </test-method> <!-- runScenario -->
        <test-method is-config="true" signature="tearDownClass()[pri:0, instance:runner.RunnerTestNG@f5acb9d]" started-at="2024-03-06T23:06:36 GMT" name="tearDownClass" finished-at="2024-03-06T23:06:36 GMT" duration-ms="225" status="PASS">
          <reporter-output>
          </reporter-output>
        </test-method> <!-- tearDownClass -->
      </class> <!-- runner.RunnerTestNG -->
    </test> <!-- Surefire test -->
  </suite> <!-- Surefire suite -->
</testng-results>
